<?xml version="1.0" encoding="UTF-8"?>
<testng-results skipped="0" failed="0" total="1" passed="1">
  <reporter-output>
  </reporter-output>
  <suite name="Default suite" duration-ms="243721" started-at="2022-08-02T17:13:10Z" finished-at="2022-08-02T17:17:14Z">
    <groups>
    </groups>
    <test name="Default test" duration-ms="243721" started-at="2022-08-02T17:13:10Z" finished-at="2022-08-02T17:17:14Z">
      <class name="LaunchScript.LaunchScript">
        <test-method status="PASS" signature="Launch()[pri:0, instance:LaunchScript.LaunchScript@1f0f1111]" name="Launch" duration-ms="243705" started-at="2022-08-02T13:13:10Z" finished-at="2022-08-02T13:17:14Z">
          <reporter-output>
          </reporter-output>
        </test-method> <!-- Launch -->
      </class> <!-- LaunchScript.LaunchScript -->
    </test> <!-- Default test -->
  </suite> <!-- Default suite -->
</testng-results>
